{
  "RSpec": {
    "coverage": {
      "/Users/matthewdevoe/turing/3module/projects/MattHub/app/helpers/application_helper.rb": [
        1,
        null
      ],
      "/Users/matthewdevoe/turing/3module/projects/MattHub/app/helpers/commit_helper.rb": [
        1,
        null
      ],
      "/Users/matthewdevoe/turing/3module/projects/MattHub/app/helpers/dashboard_helper.rb": [
        1,
        null
      ],
      "/Users/matthewdevoe/turing/3module/projects/MattHub/app/helpers/following_helper.rb": [
        1,
        null
      ],
      "/Users/matthewdevoe/turing/3module/projects/MattHub/app/helpers/home_helper.rb": [
        1,
        null
      ],
      "/Users/matthewdevoe/turing/3module/projects/MattHub/app/helpers/orgs_helper.rb": [
        1,
        null
      ],
      "/Users/matthewdevoe/turing/3module/projects/MattHub/app/helpers/repo_helper.rb": [
        1,
        null
      ],
      "/Users/matthewdevoe/turing/3module/projects/MattHub/app/helpers/sessions_helper.rb": [
        1,
        null
      ],
      "/Users/matthewdevoe/turing/3module/projects/MattHub/app/models/user.rb": [
        1,
        null,
        1,
        0,
        null,
        0,
        0,
        0,
        0,
        null,
        0,
        0,
        null,
        null
      ],
      "/Users/matthewdevoe/turing/3module/projects/MattHub/app/models/application_record.rb": [
        1,
        1,
        null
      ],
      "/Users/matthewdevoe/turing/3module/projects/MattHub/app/controllers/application_controller.rb": [
        1,
        1,
        null,
        1,
        null,
        1,
        0,
        null,
        null,
        1,
        0,
        null,
        null,
        null
      ],
      "/Users/matthewdevoe/turing/3module/projects/MattHub/app/controllers/orgs_controller.rb": [
        1,
        null,
        1,
        null,
        null,
        null
      ],
      "/Users/matthewdevoe/turing/3module/projects/MattHub/app/channels/application_cable/channel.rb": [
        0,
        0,
        0,
        0
      ],
      "/Users/matthewdevoe/turing/3module/projects/MattHub/app/channels/application_cable/connection.rb": [
        0,
        0,
        0,
        0
      ],
      "/Users/matthewdevoe/turing/3module/projects/MattHub/app/controllers/commit_controller.rb": [
        0,
        null,
        0,
        0,
        0,
        null,
        0
      ],
      "/Users/matthewdevoe/turing/3module/projects/MattHub/app/controllers/dashboard_controller.rb": [
        0,
        null,
        0,
        0,
        0,
        null,
        0
      ],
      "/Users/matthewdevoe/turing/3module/projects/MattHub/app/controllers/following_controller.rb": [
        0,
        null,
        0,
        0,
        0,
        null,
        0
      ],
      "/Users/matthewdevoe/turing/3module/projects/MattHub/app/controllers/home_controller.rb": [
        0,
        null,
        0,
        null,
        0,
        null,
        0
      ],
      "/Users/matthewdevoe/turing/3module/projects/MattHub/app/controllers/repo_controller.rb": [
        0,
        null,
        0,
        0,
        null,
        0,
        null,
        0,
        0,
        null,
        0
      ],
      "/Users/matthewdevoe/turing/3module/projects/MattHub/app/controllers/sessions_controller.rb": [
        0,
        null,
        0,
        0,
        0,
        0,
        0,
        0,
        0,
        0,
        0,
        null,
        0,
        0,
        0,
        0
      ],
      "/Users/matthewdevoe/turing/3module/projects/MattHub/app/jobs/application_job.rb": [
        0,
        0
      ],
      "/Users/matthewdevoe/turing/3module/projects/MattHub/app/mailers/application_mailer.rb": [
        0,
        0,
        0,
        0
      ],
      "/Users/matthewdevoe/turing/3module/projects/MattHub/app/models/commit.rb": [
        0,
        null,
        0,
        null,
        0,
        0,
        0,
        null,
        0,
        0,
        0,
        null,
        0
      ],
      "/Users/matthewdevoe/turing/3module/projects/MattHub/app/models/following.rb": [
        0,
        null,
        0,
        null,
        0,
        0,
        0,
        null,
        0,
        0,
        0,
        null,
        0
      ],
      "/Users/matthewdevoe/turing/3module/projects/MattHub/app/models/person.rb": [
        0,
        null,
        0,
        0,
        0,
        0,
        null,
        0,
        0,
        0,
        0,
        0,
        0,
        null,
        0,
        0,
        0,
        null,
        0
      ],
      "/Users/matthewdevoe/turing/3module/projects/MattHub/app/models/repository.rb": [
        0,
        null,
        0,
        null,
        0,
        0,
        0,
        null,
        0,
        0,
        0,
        0,
        null,
        0
      ],
      "/Users/matthewdevoe/turing/3module/projects/MattHub/app/services/github_service.rb": [
        0,
        null,
        0,
        0,
        0,
        null,
        0,
        0,
        0,
        0,
        0,
        0,
        0,
        0,
        0,
        0,
        0,
        0,
        null,
        0,
        0,
        0,
        null,
        0,
        0,
        0,
        null,
        0,
        0,
        0,
        null,
        0,
        0,
        0,
        0,
        null,
        0,
        0,
        0,
        0,
        0,
        0,
        0,
        0,
        0,
        0,
        null,
        0,
        0,
        0,
        null,
        0,
        0,
        0,
        null,
        0,
        0,
        0,
        0,
        0,
        null,
        0
      ]
    },
    "timestamp": 1503597418
  }
}
